# JRE version: OpenJDK Runtime Environment Temurin-17.0.10+7 (17.0.10+7) (build 17.0.10+7)
# Java VM: OpenJDK 64-Bit Server VM Temurin-17.0.10+7 (17.0.10+7, mixed mode, tiered, compressed oops, compressed class ptrs, parallel gc, windows-amd64)
GC Precious Log:
 CPUs: 20 total, 20 available
 Memory: 32541M
 Large Page Support: Disabled
 NUMA Support: Disabled
 Compressed Oops: Enabled (32-bit)
 Alignments: Space 512K, Generation 512K, Heap 2M
 Heap Min Capacity: 100M
 Heap Initial Capacity: 100M
 Heap Max Capacity: 2G
 Pre-touch: Disabled
 Parallel Workers: 15
Heap:
 PSYoungGen      total 3584K, used 544K [0x00000000d5580000, 0x00000000d5a00000, 0x0000000100000000)
  eden space 2560K, 0% used [0x00000000d5580000,0x00000000d5580000,0x00000000d5800000)
  from space 1024K, 53% used [0x00000000d5800000,0x00000000d5888000,0x00000000d5900000)
  to   space 1024K, 0% used [0x00000000d5900000,0x00000000d5900000,0x00000000d5a00000)
 ParOldGen       total 209920K, used 209733K [0x0000000080000000, 0x000000008cd00000, 0x00000000d5580000)
  object space 209920K, 99% used [0x0000000080000000,0x000000008ccd17e8,0x000000008cd00000)
 Metaspace       used 94990K, committed 96256K, reserved 1179648K
  class space    used 9238K, committed 9792K, reserved 1048576K
GC Heap History (20 events):
Event: 6137.442 GC heap after
{Heap after GC invocations=16934 (full 410):
 PSYoungGen      total 3584K, used 544K [0x00000000d5580000, 0x00000000d5a00000, 0x0000000100000000)
  eden space 2560K, 0% used [0x00000000d5580000,0x00000000d5580000,0x00000000d5800000)
  from space 1024K, 53% used [0x00000000d5900000,0x00000000d5988000,0x00000000d5a00000)
  to   space 1024K, 0% used [0x00000000d5800000,0x00000000d5800000,0x00000000d5900000)
 ParOldGen       total 209920K, used 206540K [0x0000000080000000, 0x000000008cd00000, 0x00000000d5580000)
  object space 209920K, 98% used [0x0000000080000000,0x000000008c9b3190,0x000000008cd00000)
 Metaspace       used 94990K, committed 96256K, reserved 1179648K
  class space    used 9238K, committed 9792K, reserved 1048576K
}
Event: 6137.443 GC heap before
{Heap before GC invocations=16935 (full 410):
 PSYoungGen      total 3584K, used 3104K [0x00000000d5580000, 0x00000000d5a00000, 0x0000000100000000)
  eden space 2560K, 100% used [0x00000000d5580000,0x00000000d5800000,0x00000000d5800000)
  from space 1024K, 53% used [0x00000000d5900000,0x00000000d5988000,0x00000000d5a00000)
  to   space 1024K, 0% used [0x00000000d5800000,0x00000000d5800000,0x00000000d5900000)
 ParOldGen       total 209920K, used 206540K [0x0000000080000000, 0x000000008cd00000, 0x00000000d5580000)
  object space 209920K, 98% used [0x0000000080000000,0x000000008c9b3190,0x000000008cd00000)
 Metaspace       used 94990K, committed 96256K, reserved 1179648K
  class space    used 9238K, committed 9792K, reserved 1048576K
}
Event: 6137.444 GC heap after
{Heap after GC invocations=16935 (full 410):
 PSYoungGen      total 3584K, used 960K [0x00000000d5580000, 0x00000000d5b00000, 0x0000000100000000)
  eden space 2560K, 0% used [0x00000000d5580000,0x00000000d5580000,0x00000000d5800000)
  from space 1024K, 93% used [0x00000000d5800000,0x00000000d58f0000,0x00000000d5900000)
  to   space 1536K, 0% used [0x00000000d5980000,0x00000000d5980000,0x00000000d5b00000)
 ParOldGen       total 209920K, used 206972K [0x0000000080000000, 0x000000008cd00000, 0x00000000d5580000)
  object space 209920K, 98% used [0x0000000080000000,0x000000008ca1f190,0x000000008cd00000)
 Metaspace       used 94990K, committed 96256K, reserved 1179648K
  class space    used 9238K, committed 9792K, reserved 1048576K
}
Event: 6137.446 GC heap before
{Heap before GC invocations=16936 (full 410):
 PSYoungGen      total 3584K, used 3520K [0x00000000d5580000, 0x00000000d5b00000, 0x0000000100000000)
  eden space 2560K, 100% used [0x00000000d5580000,0x00000000d5800000,0x00000000d5800000)
  from space 1024K, 93% used [0x00000000d5800000,0x00000000d58f0000,0x00000000d5900000)
  to   space 1536K, 0% used [0x00000000d5980000,0x00000000d5980000,0x00000000d5b00000)
 ParOldGen       total 209920K, used 206972K [0x0000000080000000, 0x000000008cd00000, 0x00000000d5580000)
  object space 209920K, 98% used [0x0000000080000000,0x000000008ca1f190,0x000000008cd00000)
 Metaspace       used 94990K, committed 96256K, reserved 1179648K
  class space    used 9238K, committed 9792K, reserved 1048576K
}
Event: 6137.447 GC heap after
{Heap after GC invocations=16936 (full 410):
 PSYoungGen      total 3584K, used 576K [0x00000000d5580000, 0x00000000d5a80000, 0x0000000100000000)
  eden space 2560K, 0% used [0x00000000d5580000,0x00000000d5580000,0x00000000d5800000)
  from space 1024K, 56% used [0x00000000d5980000,0x00000000d5a10000,0x00000000d5a80000)
  to   space 1024K, 0% used [0x00000000d5800000,0x00000000d5800000,0x00000000d5900000)
 ParOldGen       total 209920K, used 207132K [0x0000000080000000, 0x000000008cd00000, 0x00000000d5580000)
  object space 209920K, 98% used [0x0000000080000000,0x000000008ca47190,0x000000008cd00000)
 Metaspace       used 94990K, committed 96256K, reserved 1179648K
  class space    used 9238K, committed 9792K, reserved 1048576K
}
Event: 6137.569 GC heap before
{Heap before GC invocations=16937 (full 410):
 PSYoungGen      total 3584K, used 3136K [0x00000000d5580000, 0x00000000d5a80000, 0x0000000100000000)
  eden space 2560K, 100% used [0x00000000d5580000,0x00000000d5800000,0x00000000d5800000)
  from space 1024K, 56% used [0x00000000d5980000,0x00000000d5a10000,0x00000000d5a80000)
  to   space 1024K, 0% used [0x00000000d5800000,0x00000000d5800000,0x00000000d5900000)
 ParOldGen       total 209920K, used 207132K [0x0000000080000000, 0x000000008cd00000, 0x00000000d5580000)
  object space 209920K, 98% used [0x0000000080000000,0x000000008ca47190,0x000000008cd00000)
 Metaspace       used 94990K, committed 96256K, reserved 1179648K
  class space    used 9238K, committed 9792K, reserved 1048576K
}
Event: 6137.570 GC heap after
{Heap after GC invocations=16937 (full 410):
 PSYoungGen      total 3584K, used 448K [0x00000000d5580000, 0x00000000d5a00000, 0x0000000100000000)
  eden space 2560K, 0% used [0x00000000d5580000,0x00000000d5580000,0x00000000d5800000)
  from space 1024K, 43% used [0x00000000d5800000,0x00000000d5870000,0x00000000d5900000)
  to   space 1024K, 0% used [0x00000000d5900000,0x00000000d5900000,0x00000000d5a00000)
 ParOldGen       total 209920K, used 207472K [0x0000000080000000, 0x000000008cd00000, 0x00000000d5580000)
  object space 209920K, 98% used [0x0000000080000000,0x000000008ca9c188,0x000000008cd00000)
 Metaspace       used 94990K, committed 96256K, reserved 1179648K
  class space    used 9238K, committed 9792K, reserved 1048576K
}
Event: 6137.572 GC heap before
{Heap before GC invocations=16938 (full 410):
 PSYoungGen      total 3584K, used 3008K [0x00000000d5580000, 0x00000000d5a00000, 0x0000000100000000)
  eden space 2560K, 100% used [0x00000000d5580000,0x00000000d5800000,0x00000000d5800000)
  from space 1024K, 43% used [0x00000000d5800000,0x00000000d5870000,0x00000000d5900000)
  to   space 1024K, 0% used [0x00000000d5900000,0x00000000d5900000,0x00000000d5a00000)
 ParOldGen       total 209920K, used 207472K [0x0000000080000000, 0x000000008cd00000, 0x00000000d5580000)
  object space 209920K, 98% used [0x0000000080000000,0x000000008ca9c188,0x000000008cd00000)
 Metaspace       used 94990K, committed 96256K, reserved 1179648K
  class space    used 9238K, committed 9792K, reserved 1048576K
}
Event: 6137.572 GC heap after
{Heap after GC invocations=16938 (full 410):
 PSYoungGen      total 3584K, used 704K [0x00000000d5580000, 0x00000000d5a00000, 0x0000000100000000)
  eden space 2560K, 0% used [0x00000000d5580000,0x00000000d5580000,0x00000000d5800000)
  from space 1024K, 68% used [0x00000000d5900000,0x00000000d59b0000,0x00000000d5a00000)
  to   space 1024K, 0% used [0x00000000d5800000,0x00000000d5800000,0x00000000d5900000)
 ParOldGen       total 209920K, used 207636K [0x0000000080000000, 0x000000008cd00000, 0x00000000d5580000)
  object space 209920K, 98% used [0x0000000080000000,0x000000008cac5388,0x000000008cd00000)
 Metaspace       used 94990K, committed 96256K, reserved 1179648K
  class space    used 9238K, committed 9792K, reserved 1048576K
}
Event: 6137.574 GC heap before
{Heap before GC invocations=16939 (full 410):
 PSYoungGen      total 3584K, used 3264K [0x00000000d5580000, 0x00000000d5a00000, 0x0000000100000000)
  eden space 2560K, 100% used [0x00000000d5580000,0x00000000d5800000,0x00000000d5800000)
  from space 1024K, 68% used [0x00000000d5900000,0x00000000d59b0000,0x00000000d5a00000)
  to   space 1024K, 0% used [0x00000000d5800000,0x00000000d5800000,0x00000000d5900000)
 ParOldGen       total 209920K, used 207636K [0x0000000080000000, 0x000000008cd00000, 0x00000000d5580000)
  object space 209920K, 98% used [0x0000000080000000,0x000000008cac5388,0x000000008cd00000)
 Metaspace       used 94990K, committed 96256K, reserved 1179648K
  class space    used 9238K, committed 9792K, reserved 1048576K
}
Event: 6137.575 GC heap after
{Heap after GC invocations=16939 (full 410):
 PSYoungGen      total 3584K, used 570K [0x00000000d5580000, 0x00000000d5a00000, 0x0000000100000000)
  eden space 2560K, 0% used [0x00000000d5580000,0x00000000d5580000,0x00000000d5800000)
  from space 1024K, 55% used [0x00000000d5800000,0x00000000d588e900,0x00000000d5900000)
  to   space 1024K, 0% used [0x00000000d5900000,0x00000000d5900000,0x00000000d5a00000)
 ParOldGen       total 209920K, used 208068K [0x0000000080000000, 0x000000008cd00000, 0x00000000d5580000)
  object space 209920K, 99% used [0x0000000080000000,0x000000008cb313a8,0x000000008cd00000)
 Metaspace       used 94990K, committed 96256K, reserved 1179648K
  class space    used 9238K, committed 9792K, reserved 1048576K
}
Event: 6137.576 GC heap before
{Heap before GC invocations=16940 (full 410):
 PSYoungGen      total 3584K, used 3130K [0x00000000d5580000, 0x00000000d5a00000, 0x0000000100000000)
  eden space 2560K, 100% used [0x00000000d5580000,0x00000000d5800000,0x00000000d5800000)
  from space 1024K, 55% used [0x00000000d5800000,0x00000000d588e900,0x00000000d5900000)
  to   space 1024K, 0% used [0x00000000d5900000,0x00000000d5900000,0x00000000d5a00000)
 ParOldGen       total 209920K, used 208068K [0x0000000080000000, 0x000000008cd00000, 0x00000000d5580000)
  object space 209920K, 99% used [0x0000000080000000,0x000000008cb313a8,0x000000008cd00000)
 Metaspace       used 94990K, committed 96256K, reserved 1179648K
  class space    used 9238K, committed 9792K, reserved 1048576K
}
Event: 6137.576 GC heap after
{Heap after GC invocations=16940 (full 410):
 PSYoungGen      total 3584K, used 640K [0x00000000d5580000, 0x00000000d5a80000, 0x0000000100000000)
  eden space 2560K, 0% used [0x00000000d5580000,0x00000000d5580000,0x00000000d5800000)
  from space 1024K, 62% used [0x00000000d5900000,0x00000000d59a0000,0x00000000d5a00000)
  to   space 1024K, 0% used [0x00000000d5800000,0x00000000d5800000,0x00000000d5900000)
 ParOldGen       total 209920K, used 208441K [0x0000000080000000, 0x000000008cd00000, 0x00000000d5580000)
  object space 209920K, 99% used [0x0000000080000000,0x000000008cb8e5c8,0x000000008cd00000)
 Metaspace       used 94990K, committed 96256K, reserved 1179648K
  class space    used 9238K, committed 9792K, reserved 1048576K
}
Event: 6137.852 GC heap before
{Heap before GC invocations=16941 (full 410):
 PSYoungGen      total 3584K, used 3200K [0x00000000d5580000, 0x00000000d5a80000, 0x0000000100000000)
  eden space 2560K, 100% used [0x00000000d5580000,0x00000000d5800000,0x00000000d5800000)
  from space 1024K, 62% used [0x00000000d5900000,0x00000000d59a0000,0x00000000d5a00000)
  to   space 1024K, 0% used [0x00000000d5800000,0x00000000d5800000,0x00000000d5900000)
 ParOldGen       total 209920K, used 208441K [0x0000000080000000, 0x000000008cd00000, 0x00000000d5580000)
  object space 209920K, 99% used [0x0000000080000000,0x000000008cb8e5c8,0x000000008cd00000)
 Metaspace       used 94990K, committed 96256K, reserved 1179648K
  class space    used 9238K, committed 9792K, reserved 1048576K
}
Event: 6137.852 GC heap after
{Heap after GC invocations=16941 (full 410):
 PSYoungGen      total 3584K, used 826K [0x00000000d5580000, 0x00000000d5a00000, 0x0000000100000000)
  eden space 2560K, 0% used [0x00000000d5580000,0x00000000d5580000,0x00000000d5800000)
  from space 1024K, 80% used [0x00000000d5800000,0x00000000d58ce920,0x00000000d5900000)
  to   space 1024K, 0% used [0x00000000d5900000,0x00000000d5900000,0x00000000d5a00000)
 ParOldGen       total 209920K, used 208897K [0x0000000080000000, 0x000000008cd00000, 0x00000000d5580000)
  object space 209920K, 99% used [0x0000000080000000,0x000000008cc005c8,0x000000008cd00000)
 Metaspace       used 94990K, committed 96256K, reserved 1179648K
  class space    used 9238K, committed 9792K, reserved 1048576K
}
Event: 6137.855 GC heap before
{Heap before GC invocations=16942 (full 410):
 PSYoungGen      total 3584K, used 3386K [0x00000000d5580000, 0x00000000d5a00000, 0x0000000100000000)
  eden space 2560K, 100% used [0x00000000d5580000,0x00000000d5800000,0x00000000d5800000)
  from space 1024K, 80% used [0x00000000d5800000,0x00000000d58ce920,0x00000000d5900000)
  to   space 1024K, 0% used [0x00000000d5900000,0x00000000d5900000,0x00000000d5a00000)
 ParOldGen       total 209920K, used 208897K [0x0000000080000000, 0x000000008cd00000, 0x00000000d5580000)
  object space 209920K, 99% used [0x0000000080000000,0x000000008cc005c8,0x000000008cd00000)
 Metaspace       used 94990K, committed 96256K, reserved 1179648K
  class space    used 9238K, committed 9792K, reserved 1048576K
}
Event: 6137.855 GC heap after
{Heap after GC invocations=16942 (full 410):
 PSYoungGen      total 3584K, used 576K [0x00000000d5580000, 0x00000000d5a00000, 0x0000000100000000)
  eden space 2560K, 0% used [0x00000000d5580000,0x00000000d5580000,0x00000000d5800000)
  from space 1024K, 56% used [0x00000000d5900000,0x00000000d5990000,0x00000000d5a00000)
  to   space 1024K, 0% used [0x00000000d5800000,0x00000000d5800000,0x00000000d5900000)
 ParOldGen       total 209920K, used 209389K [0x0000000080000000, 0x000000008cd00000, 0x00000000d5580000)
  object space 209920K, 99% used [0x0000000080000000,0x000000008cc7b7e8,0x000000008cd00000)
 Metaspace       used 94990K, committed 96256K, reserved 1179648K
  class space    used 9238K, committed 9792K, reserved 1048576K
}
Event: 6137.859 GC heap before
{Heap before GC invocations=16943 (full 410):
 PSYoungGen      total 3584K, used 3136K [0x00000000d5580000, 0x00000000d5a00000, 0x0000000100000000)
  eden space 2560K, 100% used [0x00000000d5580000,0x00000000d5800000,0x00000000d5800000)
  from space 1024K, 56% used [0x00000000d5900000,0x00000000d5990000,0x00000000d5a00000)
  to   space 1024K, 0% used [0x00000000d5800000,0x00000000d5800000,0x00000000d5900000)
 ParOldGen       total 209920K, used 209389K [0x0000000080000000, 0x000000008cd00000, 0x00000000d5580000)
  object space 209920K, 99% used [0x0000000080000000,0x000000008cc7b7e8,0x000000008cd00000)
 Metaspace       used 94990K, committed 96256K, reserved 1179648K
  class space    used 9238K, committed 9792K, reserved 1048576K
}
Event: 6137.859 GC heap after
{Heap after GC invocations=16943 (full 410):
 PSYoungGen      total 3584K, used 544K [0x00000000d5580000, 0x00000000d5a00000, 0x0000000100000000)
  eden space 2560K, 0% used [0x00000000d5580000,0x00000000d5580000,0x00000000d5800000)
  from space 1024K, 53% used [0x00000000d5800000,0x00000000d5888000,0x00000000d5900000)
  to   space 1024K, 0% used [0x00000000d5900000,0x00000000d5900000,0x00000000d5a00000)
 ParOldGen       total 209920K, used 209733K [0x0000000080000000, 0x000000008cd00000, 0x00000000d5580000)
  object space 209920K, 99% used [0x0000000080000000,0x000000008ccd17e8,0x000000008cd00000)
 Metaspace       used 94990K, committed 96256K, reserved 1179648K
  class space    used 9238K, committed 9792K, reserved 1048576K
}
Event: 6137.859 GC heap before
{Heap before GC invocations=16944 (full 411):
 PSYoungGen      total 3584K, used 544K [0x00000000d5580000, 0x00000000d5a00000, 0x0000000100000000)
  eden space 2560K, 0% used [0x00000000d5580000,0x00000000d5580000,0x00000000d5800000)
  from space 1024K, 53% used [0x00000000d5800000,0x00000000d5888000,0x00000000d5900000)
  to   space 1024K, 0% used [0x00000000d5900000,0x00000000d5900000,0x00000000d5a00000)
 ParOldGen       total 209920K, used 209733K [0x0000000080000000, 0x000000008cd00000, 0x00000000d5580000)
  object space 209920K, 99% used [0x0000000080000000,0x000000008ccd17e8,0x000000008cd00000)
 Metaspace       used 94990K, committed 96256K, reserved 1179648K
  class space    used 9238K, committed 9792K, reserved 1048576K
}

