# JRE version: OpenJDK Runtime Environment Temurin-17.0.10+7 (17.0.10+7) (build 17.0.10+7)
# Java VM: OpenJDK 64-Bit Server VM Temurin-17.0.10+7 (17.0.10+7, mixed mode, tiered, compressed oops, compressed class ptrs, parallel gc, windows-amd64)
GC Precious Log:
 CPUs: 20 total, 20 available
 Memory: 32541M
 Large Page Support: Disabled
 NUMA Support: Disabled
 Compressed Oops: Enabled (32-bit)
 Alignments: Space 512K, Generation 512K, Heap 2M
 Heap Min Capacity: 100M
 Heap Initial Capacity: 100M
 Heap Max Capacity: 2G
 Pre-touch: Disabled
 Parallel Workers: 15
Heap:
 PSYoungGen      total 21504K, used 2045K [0x00000000d5580000, 0x00000000d7080000, 0x0000000100000000)
  eden space 19456K, 0% used [0x00000000d5580000,0x00000000d5580000,0x00000000d6880000)
  from space 2048K, 99% used [0x00000000d6a80000,0x00000000d6c7f700,0x00000000d6c80000)
  to   space 4096K, 0% used [0x00000000d6c80000,0x00000000d6c80000,0x00000000d7080000)
 ParOldGen       total 380928K, used 379528K [0x0000000080000000, 0x0000000097400000, 0x00000000d5580000)
  object space 380928K, 99% used [0x0000000080000000,0x00000000972a2040,0x0000000097400000)
 Metaspace       used 89686K, committed 91008K, reserved 1179648K
  class space    used 8756K, committed 9344K, reserved 1048576K
GC Heap History (20 events):
Event: 1059.166 GC heap after
{Heap after GC invocations=8524 (full 238):
 PSYoungGen      total 16384K, used 1693K [0x00000000d5580000, 0x00000000d6780000, 0x0000000100000000)
  eden space 14336K, 0% used [0x00000000d5580000,0x00000000d5580000,0x00000000d6380000)
  from space 2048K, 82% used [0x00000000d6580000,0x00000000d67276d0,0x00000000d6780000)
  to   space 2048K, 0% used [0x00000000d6380000,0x00000000d6380000,0x00000000d6580000)
 ParOldGen       total 380928K, used 364387K [0x0000000080000000, 0x0000000097400000, 0x00000000d5580000)
  object space 380928K, 95% used [0x0000000080000000,0x00000000963d8df0,0x0000000097400000)
 Metaspace       used 89674K, committed 91008K, reserved 1179648K
  class space    used 8756K, committed 9344K, reserved 1048576K
}
Event: 1059.184 GC heap before
{Heap before GC invocations=8525 (full 238):
 PSYoungGen      total 16384K, used 16029K [0x00000000d5580000, 0x00000000d6780000, 0x0000000100000000)
  eden space 14336K, 100% used [0x00000000d5580000,0x00000000d6380000,0x00000000d6380000)
  from space 2048K, 82% used [0x00000000d6580000,0x00000000d67276d0,0x00000000d6780000)
  to   space 2048K, 0% used [0x00000000d6380000,0x00000000d6380000,0x00000000d6580000)
 ParOldGen       total 380928K, used 364387K [0x0000000080000000, 0x0000000097400000, 0x00000000d5580000)
  object space 380928K, 95% used [0x0000000080000000,0x00000000963d8df0,0x0000000097400000)
 Metaspace       used 89682K, committed 91008K, reserved 1179648K
  class space    used 8756K, committed 9344K, reserved 1048576K
}
Event: 1059.187 GC heap after
{Heap after GC invocations=8525 (full 238):
 PSYoungGen      total 16384K, used 2025K [0x00000000d5580000, 0x00000000d7580000, 0x0000000100000000)
  eden space 14336K, 0% used [0x00000000d5580000,0x00000000d5580000,0x00000000d6380000)
  from space 2048K, 98% used [0x00000000d6380000,0x00000000d657a4f0,0x00000000d6580000)
  to   space 8192K, 0% used [0x00000000d6d80000,0x00000000d6d80000,0x00000000d7580000)
 ParOldGen       total 380928K, used 369228K [0x0000000080000000, 0x0000000097400000, 0x00000000d5580000)
  object space 380928K, 96% used [0x0000000080000000,0x00000000968930d8,0x0000000097400000)
 Metaspace       used 89682K, committed 91008K, reserved 1179648K
  class space    used 8756K, committed 9344K, reserved 1048576K
}
Event: 1059.201 GC heap before
{Heap before GC invocations=8526 (full 238):
 PSYoungGen      total 16384K, used 16361K [0x00000000d5580000, 0x00000000d7580000, 0x0000000100000000)
  eden space 14336K, 100% used [0x00000000d5580000,0x00000000d6380000,0x00000000d6380000)
  from space 2048K, 98% used [0x00000000d6380000,0x00000000d657a4f0,0x00000000d6580000)
  to   space 8192K, 0% used [0x00000000d6d80000,0x00000000d6d80000,0x00000000d7580000)
 ParOldGen       total 380928K, used 369228K [0x0000000080000000, 0x0000000097400000, 0x00000000d5580000)
  object space 380928K, 96% used [0x0000000080000000,0x00000000968930d8,0x0000000097400000)
 Metaspace       used 89682K, committed 91008K, reserved 1179648K
  class space    used 8756K, committed 9344K, reserved 1048576K
}
Event: 1059.206 GC heap after
{Heap after GC invocations=8526 (full 238):
 PSYoungGen      total 18944K, used 2068K [0x00000000d5580000, 0x00000000d7000000, 0x0000000100000000)
  eden space 16384K, 0% used [0x00000000d5580000,0x00000000d5580000,0x00000000d6580000)
  from space 2560K, 80% used [0x00000000d6d80000,0x00000000d6f85200,0x00000000d7000000)
  to   space 4096K, 0% used [0x00000000d6800000,0x00000000d6800000,0x00000000d6c00000)
 ParOldGen       total 380928K, used 370768K [0x0000000080000000, 0x0000000097400000, 0x00000000d5580000)
  object space 380928K, 97% used [0x0000000080000000,0x0000000096a14288,0x0000000097400000)
 Metaspace       used 89682K, committed 91008K, reserved 1179648K
  class space    used 8756K, committed 9344K, reserved 1048576K
}
Event: 1059.220 GC heap before
{Heap before GC invocations=8527 (full 238):
 PSYoungGen      total 18944K, used 18452K [0x00000000d5580000, 0x00000000d7000000, 0x0000000100000000)
  eden space 16384K, 100% used [0x00000000d5580000,0x00000000d6580000,0x00000000d6580000)
  from space 2560K, 80% used [0x00000000d6d80000,0x00000000d6f85200,0x00000000d7000000)
  to   space 4096K, 0% used [0x00000000d6800000,0x00000000d6800000,0x00000000d6c00000)
 ParOldGen       total 380928K, used 370768K [0x0000000080000000, 0x0000000097400000, 0x00000000d5580000)
  object space 380928K, 97% used [0x0000000080000000,0x0000000096a14288,0x0000000097400000)
 Metaspace       used 89682K, committed 91008K, reserved 1179648K
  class space    used 8756K, committed 9344K, reserved 1048576K
}
Event: 1059.224 GC heap after
{Heap after GC invocations=8527 (full 238):
 PSYoungGen      total 23040K, used 1517K [0x00000000d5580000, 0x00000000d6e00000, 0x0000000100000000)
  eden space 18944K, 0% used [0x00000000d5580000,0x00000000d5580000,0x00000000d6800000)
  from space 4096K, 37% used [0x00000000d6800000,0x00000000d697b6a0,0x00000000d6c00000)
  to   space 2048K, 0% used [0x00000000d6c00000,0x00000000d6c00000,0x00000000d6e00000)
 ParOldGen       total 380928K, used 372605K [0x0000000080000000, 0x0000000097400000, 0x00000000d5580000)
  object space 380928K, 97% used [0x0000000080000000,0x0000000096bdf4c8,0x0000000097400000)
 Metaspace       used 89682K, committed 91008K, reserved 1179648K
  class space    used 8756K, committed 9344K, reserved 1048576K
}
Event: 1059.325 GC heap before
{Heap before GC invocations=8528 (full 238):
 PSYoungGen      total 23040K, used 20458K [0x00000000d5580000, 0x00000000d6e00000, 0x0000000100000000)
  eden space 18944K, 99% used [0x00000000d5580000,0x00000000d67ff4b0,0x00000000d6800000)
  from space 4096K, 37% used [0x00000000d6800000,0x00000000d697b6a0,0x00000000d6c00000)
  to   space 2048K, 0% used [0x00000000d6c00000,0x00000000d6c00000,0x00000000d6e00000)
 ParOldGen       total 380928K, used 372605K [0x0000000080000000, 0x0000000097400000, 0x00000000d5580000)
  object space 380928K, 97% used [0x0000000080000000,0x0000000096bdf4c8,0x0000000097400000)
 Metaspace       used 89686K, committed 91008K, reserved 1179648K
  class space    used 8756K, committed 9344K, reserved 1048576K
}
Event: 1059.330 GC heap after
{Heap after GC invocations=8528 (full 238):
 PSYoungGen      total 23040K, used 672K [0x00000000d5580000, 0x00000000d6d80000, 0x0000000100000000)
  eden space 21504K, 0% used [0x00000000d5580000,0x00000000d5580000,0x00000000d6a80000)
  from space 1536K, 43% used [0x00000000d6c00000,0x00000000d6ca8000,0x00000000d6d80000)
  to   space 1536K, 0% used [0x00000000d6a80000,0x00000000d6a80000,0x00000000d6c00000)
 ParOldGen       total 380928K, used 373926K [0x0000000080000000, 0x0000000097400000, 0x00000000d5580000)
  object space 380928K, 98% used [0x0000000080000000,0x0000000096d29b98,0x0000000097400000)
 Metaspace       used 89686K, committed 91008K, reserved 1179648K
  class space    used 8756K, committed 9344K, reserved 1048576K
}
Event: 1059.754 GC heap before
{Heap before GC invocations=8529 (full 238):
 PSYoungGen      total 23040K, used 22176K [0x00000000d5580000, 0x00000000d6d80000, 0x0000000100000000)
  eden space 21504K, 100% used [0x00000000d5580000,0x00000000d6a80000,0x00000000d6a80000)
  from space 1536K, 43% used [0x00000000d6c00000,0x00000000d6ca8000,0x00000000d6d80000)
  to   space 1536K, 0% used [0x00000000d6a80000,0x00000000d6a80000,0x00000000d6c00000)
 ParOldGen       total 380928K, used 373926K [0x0000000080000000, 0x0000000097400000, 0x00000000d5580000)
  object space 380928K, 98% used [0x0000000080000000,0x0000000096d29b98,0x0000000097400000)
 Metaspace       used 89686K, committed 91008K, reserved 1179648K
  class space    used 8756K, committed 9344K, reserved 1048576K
}
Event: 1059.756 GC heap after
{Heap after GC invocations=8529 (full 238):
 PSYoungGen      total 22528K, used 1531K [0x00000000d5580000, 0x00000000d7200000, 0x0000000100000000)
  eden space 20992K, 0% used [0x00000000d5580000,0x00000000d5580000,0x00000000d6a00000)
  from space 1536K, 99% used [0x00000000d6a80000,0x00000000d6bfed70,0x00000000d6c00000)
  to   space 4096K, 0% used [0x00000000d6e00000,0x00000000d6e00000,0x00000000d7200000)
 ParOldGen       total 380928K, used 375747K [0x0000000080000000, 0x0000000097400000, 0x00000000d5580000)
  object space 380928K, 98% used [0x0000000080000000,0x0000000096ef0e48,0x0000000097400000)
 Metaspace       used 89686K, committed 91008K, reserved 1179648K
  class space    used 8756K, committed 9344K, reserved 1048576K
}
Event: 1060.269 GC heap before
{Heap before GC invocations=8530 (full 238):
 PSYoungGen      total 22528K, used 22523K [0x00000000d5580000, 0x00000000d7200000, 0x0000000100000000)
  eden space 20992K, 100% used [0x00000000d5580000,0x00000000d6a00000,0x00000000d6a00000)
  from space 1536K, 99% used [0x00000000d6a80000,0x00000000d6bfed70,0x00000000d6c00000)
  to   space 4096K, 0% used [0x00000000d6e00000,0x00000000d6e00000,0x00000000d7200000)
 ParOldGen       total 380928K, used 375747K [0x0000000080000000, 0x0000000097400000, 0x00000000d5580000)
  object space 380928K, 98% used [0x0000000080000000,0x0000000096ef0e48,0x0000000097400000)
 Metaspace       used 89686K, committed 91008K, reserved 1179648K
  class space    used 8756K, committed 9344K, reserved 1048576K
}
Event: 1060.273 GC heap after
{Heap after GC invocations=8530 (full 238):
 PSYoungGen      total 22528K, used 1699K [0x00000000d5580000, 0x00000000d7000000, 0x0000000100000000)
  eden space 20480K, 0% used [0x00000000d5580000,0x00000000d5580000,0x00000000d6980000)
  from space 2048K, 82% used [0x00000000d6e00000,0x00000000d6fa8dd8,0x00000000d7000000)
  to   space 2560K, 0% used [0x00000000d6b00000,0x00000000d6b00000,0x00000000d6d80000)
 ParOldGen       total 380928K, used 377304K [0x0000000080000000, 0x0000000097400000, 0x00000000d5580000)
  object space 380928K, 99% used [0x0000000080000000,0x0000000097076080,0x0000000097400000)
 Metaspace       used 89686K, committed 91008K, reserved 1179648K
  class space    used 8756K, committed 9344K, reserved 1048576K
}
Event: 1060.703 GC heap before
{Heap before GC invocations=8531 (full 238):
 PSYoungGen      total 22528K, used 22179K [0x00000000d5580000, 0x00000000d7000000, 0x0000000100000000)
  eden space 20480K, 100% used [0x00000000d5580000,0x00000000d6980000,0x00000000d6980000)
  from space 2048K, 82% used [0x00000000d6e00000,0x00000000d6fa8dd8,0x00000000d7000000)
  to   space 2560K, 0% used [0x00000000d6b00000,0x00000000d6b00000,0x00000000d6d80000)
 ParOldGen       total 380928K, used 377304K [0x0000000080000000, 0x0000000097400000, 0x00000000d5580000)
  object space 380928K, 99% used [0x0000000080000000,0x0000000097076080,0x0000000097400000)
 Metaspace       used 89686K, committed 91008K, reserved 1179648K
  class space    used 8756K, committed 9344K, reserved 1048576K
}
Event: 1060.704 GC heap after
{Heap after GC invocations=8531 (full 238):
 PSYoungGen      total 22528K, used 2083K [0x00000000d5580000, 0x00000000d6e80000, 0x0000000100000000)
  eden space 19968K, 0% used [0x00000000d5580000,0x00000000d5580000,0x00000000d6900000)
  from space 2560K, 81% used [0x00000000d6b00000,0x00000000d6d08dd8,0x00000000d6d80000)
  to   space 1024K, 0% used [0x00000000d6d80000,0x00000000d6d80000,0x00000000d6e80000)
 ParOldGen       total 380928K, used 377304K [0x0000000080000000, 0x0000000097400000, 0x00000000d5580000)
  object space 380928K, 99% used [0x0000000080000000,0x0000000097076080,0x0000000097400000)
 Metaspace       used 89686K, committed 91008K, reserved 1179648K
  class space    used 8756K, committed 9344K, reserved 1048576K
}
Event: 1061.408 GC heap before
{Heap before GC invocations=8532 (full 238):
 PSYoungGen      total 22528K, used 22051K [0x00000000d5580000, 0x00000000d6e80000, 0x0000000100000000)
  eden space 19968K, 100% used [0x00000000d5580000,0x00000000d6900000,0x00000000d6900000)
  from space 2560K, 81% used [0x00000000d6b00000,0x00000000d6d08dd8,0x00000000d6d80000)
  to   space 1024K, 0% used [0x00000000d6d80000,0x00000000d6d80000,0x00000000d6e80000)
 ParOldGen       total 380928K, used 377304K [0x0000000080000000, 0x0000000097400000, 0x00000000d5580000)
  object space 380928K, 99% used [0x0000000080000000,0x0000000097076080,0x0000000097400000)
 Metaspace       used 89686K, committed 91008K, reserved 1179648K
  class space    used 8756K, committed 9344K, reserved 1048576K
}
Event: 1061.409 GC heap after
{Heap after GC invocations=8532 (full 238):
 PSYoungGen      total 20480K, used 1017K [0x00000000d5580000, 0x00000000d6e80000, 0x0000000100000000)
  eden space 19456K, 0% used [0x00000000d5580000,0x00000000d5580000,0x00000000d6880000)
  from space 1024K, 99% used [0x00000000d6d80000,0x00000000d6e7e4c8,0x00000000d6e80000)
  to   space 2048K, 0% used [0x00000000d6a80000,0x00000000d6a80000,0x00000000d6c80000)
 ParOldGen       total 380928K, used 378141K [0x0000000080000000, 0x0000000097400000, 0x00000000d5580000)
  object space 380928K, 99% used [0x0000000080000000,0x0000000097147788,0x0000000097400000)
 Metaspace       used 89686K, committed 91008K, reserved 1179648K
  class space    used 8756K, committed 9344K, reserved 1048576K
}
Event: 1061.542 GC heap before
{Heap before GC invocations=8533 (full 238):
 PSYoungGen      total 20480K, used 20473K [0x00000000d5580000, 0x00000000d6e80000, 0x0000000100000000)
  eden space 19456K, 100% used [0x00000000d5580000,0x00000000d6880000,0x00000000d6880000)
  from space 1024K, 99% used [0x00000000d6d80000,0x00000000d6e7e4c8,0x00000000d6e80000)
  to   space 2048K, 0% used [0x00000000d6a80000,0x00000000d6a80000,0x00000000d6c80000)
 ParOldGen       total 380928K, used 378141K [0x0000000080000000, 0x0000000097400000, 0x00000000d5580000)
  object space 380928K, 99% used [0x0000000080000000,0x0000000097147788,0x0000000097400000)
 Metaspace       used 89686K, committed 91008K, reserved 1179648K
  class space    used 8756K, committed 9344K, reserved 1048576K
}
Event: 1061.543 GC heap after
{Heap after GC invocations=8533 (full 238):
 PSYoungGen      total 21504K, used 2045K [0x00000000d5580000, 0x00000000d7080000, 0x0000000100000000)
  eden space 19456K, 0% used [0x00000000d5580000,0x00000000d5580000,0x00000000d6880000)
  from space 2048K, 99% used [0x00000000d6a80000,0x00000000d6c7f700,0x00000000d6c80000)
  to   space 4096K, 0% used [0x00000000d6c80000,0x00000000d6c80000,0x00000000d7080000)
 ParOldGen       total 380928K, used 379528K [0x0000000080000000, 0x0000000097400000, 0x00000000d5580000)
  object space 380928K, 99% used [0x0000000080000000,0x00000000972a2040,0x0000000097400000)
 Metaspace       used 89686K, committed 91008K, reserved 1179648K
  class space    used 8756K, committed 9344K, reserved 1048576K
}
Event: 1061.543 GC heap before
{Heap before GC invocations=8534 (full 239):
 PSYoungGen      total 21504K, used 2045K [0x00000000d5580000, 0x00000000d7080000, 0x0000000100000000)
  eden space 19456K, 0% used [0x00000000d5580000,0x00000000d5580000,0x00000000d6880000)
  from space 2048K, 99% used [0x00000000d6a80000,0x00000000d6c7f700,0x00000000d6c80000)
  to   space 4096K, 0% used [0x00000000d6c80000,0x00000000d6c80000,0x00000000d7080000)
 ParOldGen       total 380928K, used 379528K [0x0000000080000000, 0x0000000097400000, 0x00000000d5580000)
  object space 380928K, 99% used [0x0000000080000000,0x00000000972a2040,0x0000000097400000)
 Metaspace       used 89686K, committed 91008K, reserved 1179648K
  class space    used 8756K, committed 9344K, reserved 1048576K
}

