# JRE version: OpenJDK Runtime Environment Temurin-17.0.10+7 (17.0.10+7) (build 17.0.10+7)
# Java VM: OpenJDK 64-Bit Server VM Temurin-17.0.10+7 (17.0.10+7, mixed mode, tiered, compressed oops, compressed class ptrs, parallel gc, windows-amd64)
GC Precious Log:
 CPUs: 20 total, 20 available
 Memory: 32541M
 Large Page Support: Disabled
 NUMA Support: Disabled
 Compressed Oops: Enabled (32-bit)
 Alignments: Space 512K, Generation 512K, Heap 2M
 Heap Min Capacity: 100M
 Heap Initial Capacity: 100M
 Heap Max Capacity: 2G
 Pre-touch: Disabled
 Parallel Workers: 15
Heap:
 PSYoungGen      total 23040K, used 5116K [0x00000000d5580000, 0x00000000d8400000, 0x0000000100000000)
  eden space 17920K, 0% used [0x00000000d5580000,0x00000000d5580000,0x00000000d6700000)
  from space 5120K, 99% used [0x00000000d7180000,0x00000000d767f328,0x00000000d7680000)
  to   space 10752K, 0% used [0x00000000d6700000,0x00000000d6700000,0x00000000d7180000)
 ParOldGen       total 296448K, used 294667K [0x0000000080000000, 0x0000000092180000, 0x00000000d5580000)
  object space 296448K, 99% used [0x0000000080000000,0x0000000091fc2e50,0x0000000092180000)
 Metaspace       used 75433K, committed 76544K, reserved 1179648K
  class space    used 7604K, committed 8128K, reserved 1048576K
GC Heap History (20 events):
Event: 14.440 GC heap after
{Heap after GC invocations=444 (full 14):
 PSYoungGen      total 14336K, used 2625K [0x00000000d5580000, 0x00000000d6800000, 0x0000000100000000)
  eden space 11264K, 0% used [0x00000000d5580000,0x00000000d5580000,0x00000000d6080000)
  from space 3072K, 85% used [0x00000000d6080000,0x00000000d6310410,0x00000000d6380000)
  to   space 3072K, 0% used [0x00000000d6500000,0x00000000d6500000,0x00000000d6800000)
 ParOldGen       total 296448K, used 264303K [0x0000000080000000, 0x0000000092180000, 0x00000000d5580000)
  object space 296448K, 89% used [0x0000000080000000,0x000000009021bcb0,0x0000000092180000)
 Metaspace       used 75433K, committed 76544K, reserved 1179648K
  class space    used 7604K, committed 8128K, reserved 1048576K
}
Event: 14.450 GC heap before
{Heap before GC invocations=445 (full 14):
 PSYoungGen      total 14336K, used 13889K [0x00000000d5580000, 0x00000000d6800000, 0x0000000100000000)
  eden space 11264K, 100% used [0x00000000d5580000,0x00000000d6080000,0x00000000d6080000)
  from space 3072K, 85% used [0x00000000d6080000,0x00000000d6310410,0x00000000d6380000)
  to   space 3072K, 0% used [0x00000000d6500000,0x00000000d6500000,0x00000000d6800000)
 ParOldGen       total 296448K, used 264303K [0x0000000080000000, 0x0000000092180000, 0x00000000d5580000)
  object space 296448K, 89% used [0x0000000080000000,0x000000009021bcb0,0x0000000092180000)
 Metaspace       used 75433K, committed 76544K, reserved 1179648K
  class space    used 7604K, committed 8128K, reserved 1048576K
}
Event: 14.452 GC heap after
{Heap after GC invocations=445 (full 14):
 PSYoungGen      total 15872K, used 2656K [0x00000000d5580000, 0x00000000d6880000, 0x0000000100000000)
  eden space 12800K, 0% used [0x00000000d5580000,0x00000000d5580000,0x00000000d6200000)
  from space 3072K, 86% used [0x00000000d6500000,0x00000000d67982a8,0x00000000d6800000)
  to   space 3072K, 0% used [0x00000000d6200000,0x00000000d6200000,0x00000000d6500000)
 ParOldGen       total 296448K, used 266731K [0x0000000080000000, 0x0000000092180000, 0x00000000d5580000)
  object space 296448K, 89% used [0x0000000080000000,0x000000009047aeb0,0x0000000092180000)
 Metaspace       used 75433K, committed 76544K, reserved 1179648K
  class space    used 7604K, committed 8128K, reserved 1048576K
}
Event: 14.464 GC heap before
{Heap before GC invocations=446 (full 14):
 PSYoungGen      total 15872K, used 15456K [0x00000000d5580000, 0x00000000d6880000, 0x0000000100000000)
  eden space 12800K, 100% used [0x00000000d5580000,0x00000000d6200000,0x00000000d6200000)
  from space 3072K, 86% used [0x00000000d6500000,0x00000000d67982a8,0x00000000d6800000)
  to   space 3072K, 0% used [0x00000000d6200000,0x00000000d6200000,0x00000000d6500000)
 ParOldGen       total 296448K, used 266731K [0x0000000080000000, 0x0000000092180000, 0x00000000d5580000)
  object space 296448K, 89% used [0x0000000080000000,0x000000009047aeb0,0x0000000092180000)
 Metaspace       used 75433K, committed 76544K, reserved 1179648K
  class space    used 7604K, committed 8128K, reserved 1048576K
}
Event: 14.466 GC heap after
{Heap after GC invocations=446 (full 14):
 PSYoungGen      total 15872K, used 3055K [0x00000000d5580000, 0x00000000d7000000, 0x0000000100000000)
  eden space 12800K, 0% used [0x00000000d5580000,0x00000000d5580000,0x00000000d6200000)
  from space 3072K, 99% used [0x00000000d6200000,0x00000000d64fbda0,0x00000000d6500000)
  to   space 6144K, 0% used [0x00000000d6a00000,0x00000000d6a00000,0x00000000d7000000)
 ParOldGen       total 296448K, used 269189K [0x0000000080000000, 0x0000000092180000, 0x00000000d5580000)
  object space 296448K, 90% used [0x0000000080000000,0x00000000906e1748,0x0000000092180000)
 Metaspace       used 75433K, committed 76544K, reserved 1179648K
  class space    used 7604K, committed 8128K, reserved 1048576K
}
Event: 14.477 GC heap before
{Heap before GC invocations=447 (full 14):
 PSYoungGen      total 15872K, used 15855K [0x00000000d5580000, 0x00000000d7000000, 0x0000000100000000)
  eden space 12800K, 100% used [0x00000000d5580000,0x00000000d6200000,0x00000000d6200000)
  from space 3072K, 99% used [0x00000000d6200000,0x00000000d64fbda0,0x00000000d6500000)
  to   space 6144K, 0% used [0x00000000d6a00000,0x00000000d6a00000,0x00000000d7000000)
 ParOldGen       total 296448K, used 269189K [0x0000000080000000, 0x0000000092180000, 0x00000000d5580000)
  object space 296448K, 90% used [0x0000000080000000,0x00000000906e1748,0x0000000092180000)
 Metaspace       used 75433K, committed 76544K, reserved 1179648K
  class space    used 7604K, committed 8128K, reserved 1048576K
}
Event: 14.480 GC heap after
{Heap after GC invocations=447 (full 14):
 PSYoungGen      total 18432K, used 3189K [0x00000000d5580000, 0x00000000d6d80000, 0x0000000100000000)
  eden space 14848K, 0% used [0x00000000d5580000,0x00000000d5580000,0x00000000d6400000)
  from space 3584K, 88% used [0x00000000d6a00000,0x00000000d6d1d650,0x00000000d6d80000)
  to   space 4096K, 0% used [0x00000000d6580000,0x00000000d6580000,0x00000000d6980000)
 ParOldGen       total 296448K, used 272126K [0x0000000080000000, 0x0000000092180000, 0x00000000d5580000)
  object space 296448K, 91% used [0x0000000080000000,0x00000000909bfac0,0x0000000092180000)
 Metaspace       used 75433K, committed 76544K, reserved 1179648K
  class space    used 7604K, committed 8128K, reserved 1048576K
}
Event: 14.492 GC heap before
{Heap before GC invocations=448 (full 14):
 PSYoungGen      total 18432K, used 18037K [0x00000000d5580000, 0x00000000d6d80000, 0x0000000100000000)
  eden space 14848K, 100% used [0x00000000d5580000,0x00000000d6400000,0x00000000d6400000)
  from space 3584K, 88% used [0x00000000d6a00000,0x00000000d6d1d650,0x00000000d6d80000)
  to   space 4096K, 0% used [0x00000000d6580000,0x00000000d6580000,0x00000000d6980000)
 ParOldGen       total 296448K, used 272126K [0x0000000080000000, 0x0000000092180000, 0x00000000d5580000)
  object space 296448K, 91% used [0x0000000080000000,0x00000000909bfac0,0x0000000092180000)
 Metaspace       used 75433K, committed 76544K, reserved 1179648K
  class space    used 7604K, committed 8128K, reserved 1048576K
}
Event: 14.495 GC heap after
{Heap after GC invocations=448 (full 14):
 PSYoungGen      total 20480K, used 3673K [0x00000000d5580000, 0x00000000d6e80000, 0x0000000100000000)
  eden space 16384K, 0% used [0x00000000d5580000,0x00000000d5580000,0x00000000d6580000)
  from space 4096K, 89% used [0x00000000d6580000,0x00000000d6916720,0x00000000d6980000)
  to   space 4096K, 0% used [0x00000000d6a80000,0x00000000d6a80000,0x00000000d6e80000)
 ParOldGen       total 296448K, used 275024K [0x0000000080000000, 0x0000000092180000, 0x00000000d5580000)
  object space 296448K, 92% used [0x0000000080000000,0x0000000090c94170,0x0000000092180000)
 Metaspace       used 75433K, committed 76544K, reserved 1179648K
  class space    used 7604K, committed 8128K, reserved 1048576K
}
Event: 14.510 GC heap before
{Heap before GC invocations=449 (full 14):
 PSYoungGen      total 20480K, used 20057K [0x00000000d5580000, 0x00000000d6e80000, 0x0000000100000000)
  eden space 16384K, 100% used [0x00000000d5580000,0x00000000d6580000,0x00000000d6580000)
  from space 4096K, 89% used [0x00000000d6580000,0x00000000d6916720,0x00000000d6980000)
  to   space 4096K, 0% used [0x00000000d6a80000,0x00000000d6a80000,0x00000000d6e80000)
 ParOldGen       total 296448K, used 275024K [0x0000000080000000, 0x0000000092180000, 0x00000000d5580000)
  object space 296448K, 92% used [0x0000000080000000,0x0000000090c94170,0x0000000092180000)
 Metaspace       used 75433K, committed 76544K, reserved 1179648K
  class space    used 7604K, committed 8128K, reserved 1048576K
}
Event: 14.513 GC heap after
{Heap after GC invocations=449 (full 14):
 PSYoungGen      total 21504K, used 3869K [0x00000000d5580000, 0x00000000d7080000, 0x0000000100000000)
  eden space 17408K, 0% used [0x00000000d5580000,0x00000000d5580000,0x00000000d6680000)
  from space 4096K, 94% used [0x00000000d6a80000,0x00000000d6e47480,0x00000000d6e80000)
  to   space 4096K, 0% used [0x00000000d6680000,0x00000000d6680000,0x00000000d6a80000)
 ParOldGen       total 296448K, used 278470K [0x0000000080000000, 0x0000000092180000, 0x00000000d5580000)
  object space 296448K, 93% used [0x0000000080000000,0x0000000090ff1810,0x0000000092180000)
 Metaspace       used 75433K, committed 76544K, reserved 1179648K
  class space    used 7604K, committed 8128K, reserved 1048576K
}
Event: 14.529 GC heap before
{Heap before GC invocations=450 (full 14):
 PSYoungGen      total 21504K, used 21277K [0x00000000d5580000, 0x00000000d7080000, 0x0000000100000000)
  eden space 17408K, 100% used [0x00000000d5580000,0x00000000d6680000,0x00000000d6680000)
  from space 4096K, 94% used [0x00000000d6a80000,0x00000000d6e47480,0x00000000d6e80000)
  to   space 4096K, 0% used [0x00000000d6680000,0x00000000d6680000,0x00000000d6a80000)
 ParOldGen       total 296448K, used 278470K [0x0000000080000000, 0x0000000092180000, 0x00000000d5580000)
  object space 296448K, 93% used [0x0000000080000000,0x0000000090ff1810,0x0000000092180000)
 Metaspace       used 75433K, committed 76544K, reserved 1179648K
  class space    used 7604K, committed 8128K, reserved 1048576K
}
Event: 14.532 GC heap after
{Heap after GC invocations=450 (full 14):
 PSYoungGen      total 21504K, used 4081K [0x00000000d5580000, 0x00000000d7a80000, 0x0000000100000000)
  eden space 17408K, 0% used [0x00000000d5580000,0x00000000d5580000,0x00000000d6680000)
  from space 4096K, 99% used [0x00000000d6680000,0x00000000d6a7c568,0x00000000d6a80000)
  to   space 8704K, 0% used [0x00000000d7200000,0x00000000d7200000,0x00000000d7a80000)
 ParOldGen       total 296448K, used 282102K [0x0000000080000000, 0x0000000092180000, 0x00000000d5580000)
  object space 296448K, 95% used [0x0000000080000000,0x000000009137d960,0x0000000092180000)
 Metaspace       used 75433K, committed 76544K, reserved 1179648K
  class space    used 7604K, committed 8128K, reserved 1048576K
}
Event: 14.549 GC heap before
{Heap before GC invocations=451 (full 14):
 PSYoungGen      total 21504K, used 21489K [0x00000000d5580000, 0x00000000d7a80000, 0x0000000100000000)
  eden space 17408K, 100% used [0x00000000d5580000,0x00000000d6680000,0x00000000d6680000)
  from space 4096K, 99% used [0x00000000d6680000,0x00000000d6a7c568,0x00000000d6a80000)
  to   space 8704K, 0% used [0x00000000d7200000,0x00000000d7200000,0x00000000d7a80000)
 ParOldGen       total 296448K, used 282102K [0x0000000080000000, 0x0000000092180000, 0x00000000d5580000)
  object space 296448K, 95% used [0x0000000080000000,0x000000009137d960,0x0000000092180000)
 Metaspace       used 75433K, committed 76544K, reserved 1179648K
  class space    used 7604K, committed 8128K, reserved 1048576K
}
Event: 14.553 GC heap after
{Heap after GC invocations=451 (full 14):
 PSYoungGen      total 25088K, used 4097K [0x00000000d5580000, 0x00000000d7680000, 0x0000000100000000)
  eden space 20480K, 0% used [0x00000000d5580000,0x00000000d5580000,0x00000000d6980000)
  from space 4608K, 88% used [0x00000000d7200000,0x00000000d76005a8,0x00000000d7680000)
  to   space 5632K, 0% used [0x00000000d6b80000,0x00000000d6b80000,0x00000000d7100000)
 ParOldGen       total 296448K, used 286017K [0x0000000080000000, 0x0000000092180000, 0x00000000d5580000)
  object space 296448K, 96% used [0x0000000080000000,0x00000000917507d8,0x0000000092180000)
 Metaspace       used 75433K, committed 76544K, reserved 1179648K
  class space    used 7604K, committed 8128K, reserved 1048576K
}
Event: 14.572 GC heap before
{Heap before GC invocations=452 (full 14):
 PSYoungGen      total 25088K, used 24577K [0x00000000d5580000, 0x00000000d7680000, 0x0000000100000000)
  eden space 20480K, 100% used [0x00000000d5580000,0x00000000d6980000,0x00000000d6980000)
  from space 4608K, 88% used [0x00000000d7200000,0x00000000d76005a8,0x00000000d7680000)
  to   space 5632K, 0% used [0x00000000d6b80000,0x00000000d6b80000,0x00000000d7100000)
 ParOldGen       total 296448K, used 286017K [0x0000000080000000, 0x0000000092180000, 0x00000000d5580000)
  object space 296448K, 96% used [0x0000000080000000,0x00000000917507d8,0x0000000092180000)
 Metaspace       used 75433K, committed 76544K, reserved 1179648K
  class space    used 7604K, committed 8128K, reserved 1048576K
}
Event: 14.576 GC heap after
{Heap after GC invocations=452 (full 14):
 PSYoungGen      total 28160K, used 4819K [0x00000000d5580000, 0x00000000d7680000, 0x0000000100000000)
  eden space 22528K, 0% used [0x00000000d5580000,0x00000000d5580000,0x00000000d6b80000)
  from space 5632K, 85% used [0x00000000d6b80000,0x00000000d7034f70,0x00000000d7100000)
  to   space 5120K, 0% used [0x00000000d7180000,0x00000000d7180000,0x00000000d7680000)
 ParOldGen       total 296448K, used 290002K [0x0000000080000000, 0x0000000092180000, 0x00000000d5580000)
  object space 296448K, 97% used [0x0000000080000000,0x0000000091b34ae8,0x0000000092180000)
 Metaspace       used 75433K, committed 76544K, reserved 1179648K
  class space    used 7604K, committed 8128K, reserved 1048576K
}
Event: 14.598 GC heap before
{Heap before GC invocations=453 (full 14):
 PSYoungGen      total 28160K, used 27347K [0x00000000d5580000, 0x00000000d7680000, 0x0000000100000000)
  eden space 22528K, 100% used [0x00000000d5580000,0x00000000d6b80000,0x00000000d6b80000)
  from space 5632K, 85% used [0x00000000d6b80000,0x00000000d7034f70,0x00000000d7100000)
  to   space 5120K, 0% used [0x00000000d7180000,0x00000000d7180000,0x00000000d7680000)
 ParOldGen       total 296448K, used 290002K [0x0000000080000000, 0x0000000092180000, 0x00000000d5580000)
  object space 296448K, 97% used [0x0000000080000000,0x0000000091b34ae8,0x0000000092180000)
 Metaspace       used 75433K, committed 76544K, reserved 1179648K
  class space    used 7604K, committed 8128K, reserved 1048576K
}
Event: 14.603 GC heap after
{Heap after GC invocations=453 (full 14):
 PSYoungGen      total 23040K, used 5116K [0x00000000d5580000, 0x00000000d8400000, 0x0000000100000000)
  eden space 17920K, 0% used [0x00000000d5580000,0x00000000d5580000,0x00000000d6700000)
  from space 5120K, 99% used [0x00000000d7180000,0x00000000d767f328,0x00000000d7680000)
  to   space 10752K, 0% used [0x00000000d6700000,0x00000000d6700000,0x00000000d7180000)
 ParOldGen       total 296448K, used 294667K [0x0000000080000000, 0x0000000092180000, 0x00000000d5580000)
  object space 296448K, 99% used [0x0000000080000000,0x0000000091fc2e50,0x0000000092180000)
 Metaspace       used 75433K, committed 76544K, reserved 1179648K
  class space    used 7604K, committed 8128K, reserved 1048576K
}
Event: 14.603 GC heap before
{Heap before GC invocations=454 (full 15):
 PSYoungGen      total 23040K, used 5116K [0x00000000d5580000, 0x00000000d8400000, 0x0000000100000000)
  eden space 17920K, 0% used [0x00000000d5580000,0x00000000d5580000,0x00000000d6700000)
  from space 5120K, 99% used [0x00000000d7180000,0x00000000d767f328,0x00000000d7680000)
  to   space 10752K, 0% used [0x00000000d6700000,0x00000000d6700000,0x00000000d7180000)
 ParOldGen       total 296448K, used 294667K [0x0000000080000000, 0x0000000092180000, 0x00000000d5580000)
  object space 296448K, 99% used [0x0000000080000000,0x0000000091fc2e50,0x0000000092180000)
 Metaspace       used 75433K, committed 76544K, reserved 1179648K
  class space    used 7604K, committed 8128K, reserved 1048576K
}

