# JRE version: OpenJDK Runtime Environment Temurin-17.0.10+7 (17.0.10+7) (build 17.0.10+7)
# Java VM: OpenJDK 64-Bit Server VM Temurin-17.0.10+7 (17.0.10+7, mixed mode, tiered, compressed oops, compressed class ptrs, parallel gc, windows-amd64)
GC Precious Log:
 CPUs: 20 total, 20 available
 Memory: 32541M
 Large Page Support: Disabled
 NUMA Support: Disabled
 Compressed Oops: Enabled (32-bit)
 Alignments: Space 512K, Generation 512K, Heap 2M
 Heap Min Capacity: 100M
 Heap Initial Capacity: 100M
 Heap Max Capacity: 2G
 Pre-touch: Disabled
 Parallel Workers: 15
Heap:
 PSYoungGen      total 12288K, used 2239K [0x00000000d5580000, 0x00000000d6580000, 0x0000000100000000)
  eden space 9728K, 0% used [0x00000000d5580000,0x00000000d5580000,0x00000000d5f00000)
  from space 2560K, 87% used [0x00000000d6300000,0x00000000d652fe80,0x00000000d6580000)
  to   space 3072K, 0% used [0x00000000d5f80000,0x00000000d5f80000,0x00000000d6280000)
 ParOldGen       total 173568K, used 173180K [0x0000000080000000, 0x000000008a980000, 0x00000000d5580000)
  object space 173568K, 99% used [0x0000000080000000,0x000000008a91f3a0,0x000000008a980000)
 Metaspace       used 94637K, committed 95936K, reserved 1179648K
  class space    used 9202K, committed 9792K, reserved 1048576K
GC Heap History (20 events):
Event: 27508.978 GC heap after
{Heap after GC invocations=16475 (full 426):
 PSYoungGen      total 12800K, used 1584K [0x00000000d5580000, 0x00000000d6580000, 0x0000000100000000)
  eden space 10752K, 0% used [0x00000000d5580000,0x00000000d5580000,0x00000000d6000000)
  from space 2048K, 77% used [0x00000000d6000000,0x00000000d618c348,0x00000000d6200000)
  to   space 2048K, 0% used [0x00000000d6380000,0x00000000d6380000,0x00000000d6580000)
 ParOldGen       total 173568K, used 167363K [0x0000000080000000, 0x000000008a980000, 0x00000000d5580000)
  object space 173568K, 96% used [0x0000000080000000,0x000000008a370dd0,0x000000008a980000)
 Metaspace       used 94631K, committed 95936K, reserved 1179648K
  class space    used 9202K, committed 9792K, reserved 1048576K
}
Event: 27508.994 GC heap before
{Heap before GC invocations=16476 (full 426):
 PSYoungGen      total 12800K, used 12336K [0x00000000d5580000, 0x00000000d6580000, 0x0000000100000000)
  eden space 10752K, 100% used [0x00000000d5580000,0x00000000d6000000,0x00000000d6000000)
  from space 2048K, 77% used [0x00000000d6000000,0x00000000d618c348,0x00000000d6200000)
  to   space 2048K, 0% used [0x00000000d6380000,0x00000000d6380000,0x00000000d6580000)
 ParOldGen       total 173568K, used 167363K [0x0000000080000000, 0x000000008a980000, 0x00000000d5580000)
  object space 173568K, 96% used [0x0000000080000000,0x000000008a370dd0,0x000000008a980000)
 Metaspace       used 94631K, committed 95936K, reserved 1179648K
  class space    used 9202K, committed 9792K, reserved 1048576K
}
Event: 27508.995 GC heap after
{Heap after GC invocations=16476 (full 426):
 PSYoungGen      total 13824K, used 1684K [0x00000000d5580000, 0x00000000d6580000, 0x0000000100000000)
  eden space 11776K, 0% used [0x00000000d5580000,0x00000000d5580000,0x00000000d6100000)
  from space 2048K, 82% used [0x00000000d6380000,0x00000000d6525200,0x00000000d6580000)
  to   space 2048K, 0% used [0x00000000d6180000,0x00000000d6180000,0x00000000d6380000)
 ParOldGen       total 173568K, used 167363K [0x0000000080000000, 0x000000008a980000, 0x00000000d5580000)
  object space 173568K, 96% used [0x0000000080000000,0x000000008a370dd0,0x000000008a980000)
 Metaspace       used 94631K, committed 95936K, reserved 1179648K
  class space    used 9202K, committed 9792K, reserved 1048576K
}
Event: 27512.988 GC heap before
{Heap before GC invocations=16477 (full 426):
 PSYoungGen      total 13824K, used 13460K [0x00000000d5580000, 0x00000000d6580000, 0x0000000100000000)
  eden space 11776K, 99% used [0x00000000d5580000,0x00000000d60fffe8,0x00000000d6100000)
  from space 2048K, 82% used [0x00000000d6380000,0x00000000d6525200,0x00000000d6580000)
  to   space 2048K, 0% used [0x00000000d6180000,0x00000000d6180000,0x00000000d6380000)
 ParOldGen       total 173568K, used 167363K [0x0000000080000000, 0x000000008a980000, 0x00000000d5580000)
  object space 173568K, 96% used [0x0000000080000000,0x000000008a370dd0,0x000000008a980000)
 Metaspace       used 94631K, committed 95936K, reserved 1179648K
  class space    used 9202K, committed 9792K, reserved 1048576K
}
Event: 27512.989 GC heap after
{Heap after GC invocations=16477 (full 426):
 PSYoungGen      total 13312K, used 1437K [0x00000000d5580000, 0x00000000d6400000, 0x0000000100000000)
  eden space 11776K, 0% used [0x00000000d5580000,0x00000000d5580000,0x00000000d6100000)
  from space 1536K, 93% used [0x00000000d6180000,0x00000000d62e77f0,0x00000000d6300000)
  to   space 1024K, 0% used [0x00000000d6300000,0x00000000d6300000,0x00000000d6400000)
 ParOldGen       total 173568K, used 167363K [0x0000000080000000, 0x000000008a980000, 0x00000000d5580000)
  object space 173568K, 96% used [0x0000000080000000,0x000000008a370dd0,0x000000008a980000)
 Metaspace       used 94631K, committed 95936K, reserved 1179648K
  class space    used 9202K, committed 9792K, reserved 1048576K
}
Event: 27513.001 GC heap before
{Heap before GC invocations=16478 (full 426):
 PSYoungGen      total 13312K, used 13213K [0x00000000d5580000, 0x00000000d6400000, 0x0000000100000000)
  eden space 11776K, 100% used [0x00000000d5580000,0x00000000d6100000,0x00000000d6100000)
  from space 1536K, 93% used [0x00000000d6180000,0x00000000d62e77f0,0x00000000d6300000)
  to   space 1024K, 0% used [0x00000000d6300000,0x00000000d6300000,0x00000000d6400000)
 ParOldGen       total 173568K, used 167363K [0x0000000080000000, 0x000000008a980000, 0x00000000d5580000)
  object space 173568K, 96% used [0x0000000080000000,0x000000008a370dd0,0x000000008a980000)
 Metaspace       used 94637K, committed 95936K, reserved 1179648K
  class space    used 9202K, committed 9792K, reserved 1048576K
}
Event: 27513.002 GC heap after
{Heap after GC invocations=16478 (full 426):
 PSYoungGen      total 11776K, used 1024K [0x00000000d5580000, 0x00000000d6700000, 0x0000000100000000)
  eden space 10752K, 0% used [0x00000000d5580000,0x00000000d5580000,0x00000000d6000000)
  from space 1024K, 100% used [0x00000000d6300000,0x00000000d6400000,0x00000000d6400000)
  to   space 3072K, 0% used [0x00000000d6000000,0x00000000d6000000,0x00000000d6300000)
 ParOldGen       total 173568K, used 168931K [0x0000000080000000, 0x000000008a980000, 0x00000000d5580000)
  object space 173568K, 97% used [0x0000000080000000,0x000000008a4f8fc0,0x000000008a980000)
 Metaspace       used 94637K, committed 95936K, reserved 1179648K
  class space    used 9202K, committed 9792K, reserved 1048576K
}
Event: 27513.015 GC heap before
{Heap before GC invocations=16479 (full 426):
 PSYoungGen      total 11776K, used 11776K [0x00000000d5580000, 0x00000000d6700000, 0x0000000100000000)
  eden space 10752K, 100% used [0x00000000d5580000,0x00000000d6000000,0x00000000d6000000)
  from space 1024K, 100% used [0x00000000d6300000,0x00000000d6400000,0x00000000d6400000)
  to   space 3072K, 0% used [0x00000000d6000000,0x00000000d6000000,0x00000000d6300000)
 ParOldGen       total 173568K, used 168931K [0x0000000080000000, 0x000000008a980000, 0x00000000d5580000)
  object space 173568K, 97% used [0x0000000080000000,0x000000008a4f8fc0,0x000000008a980000)
 Metaspace       used 94637K, committed 95936K, reserved 1179648K
  class space    used 9202K, committed 9792K, reserved 1048576K
}
Event: 27513.015 GC heap after
{Heap after GC invocations=16479 (full 426):
 PSYoungGen      total 12800K, used 1963K [0x00000000d5580000, 0x00000000d6500000, 0x0000000100000000)
  eden space 10752K, 0% used [0x00000000d5580000,0x00000000d5580000,0x00000000d6000000)
  from space 2048K, 95% used [0x00000000d6000000,0x00000000d61eac50,0x00000000d6200000)
  to   space 2560K, 0% used [0x00000000d6280000,0x00000000d6280000,0x00000000d6500000)
 ParOldGen       total 173568K, used 169807K [0x0000000080000000, 0x000000008a980000, 0x00000000d5580000)
  object space 173568K, 97% used [0x0000000080000000,0x000000008a5d3ec0,0x000000008a980000)
 Metaspace       used 94637K, committed 95936K, reserved 1179648K
  class space    used 9202K, committed 9792K, reserved 1048576K
}
Event: 27513.047 GC heap before
{Heap before GC invocations=16480 (full 426):
 PSYoungGen      total 12800K, used 12715K [0x00000000d5580000, 0x00000000d6500000, 0x0000000100000000)
  eden space 10752K, 100% used [0x00000000d5580000,0x00000000d6000000,0x00000000d6000000)
  from space 2048K, 95% used [0x00000000d6000000,0x00000000d61eac50,0x00000000d6200000)
  to   space 2560K, 0% used [0x00000000d6280000,0x00000000d6280000,0x00000000d6500000)
 ParOldGen       total 173568K, used 169807K [0x0000000080000000, 0x000000008a980000, 0x00000000d5580000)
  object space 173568K, 97% used [0x0000000080000000,0x000000008a5d3ec0,0x000000008a980000)
 Metaspace       used 94637K, committed 95936K, reserved 1179648K
  class space    used 9202K, committed 9792K, reserved 1048576K
}
Event: 27513.048 GC heap after
{Heap after GC invocations=16480 (full 426):
 PSYoungGen      total 12288K, used 2544K [0x00000000d5580000, 0x00000000d6700000, 0x0000000100000000)
  eden space 9728K, 0% used [0x00000000d5580000,0x00000000d5580000,0x00000000d5f00000)
  from space 2560K, 99% used [0x00000000d6280000,0x00000000d64fc350,0x00000000d6500000)
  to   space 3584K, 0% used [0x00000000d5f00000,0x00000000d5f00000,0x00000000d6280000)
 ParOldGen       total 173568K, used 170431K [0x0000000080000000, 0x000000008a980000, 0x00000000d5580000)
  object space 173568K, 98% used [0x0000000080000000,0x000000008a66fec0,0x000000008a980000)
 Metaspace       used 94637K, committed 95936K, reserved 1179648K
  class space    used 9202K, committed 9792K, reserved 1048576K
}
Event: 27513.455 GC heap before
{Heap before GC invocations=16481 (full 426):
 PSYoungGen      total 12288K, used 12272K [0x00000000d5580000, 0x00000000d6700000, 0x0000000100000000)
  eden space 9728K, 100% used [0x00000000d5580000,0x00000000d5f00000,0x00000000d5f00000)
  from space 2560K, 99% used [0x00000000d6280000,0x00000000d64fc350,0x00000000d6500000)
  to   space 3584K, 0% used [0x00000000d5f00000,0x00000000d5f00000,0x00000000d6280000)
 ParOldGen       total 173568K, used 170431K [0x0000000080000000, 0x000000008a980000, 0x00000000d5580000)
  object space 173568K, 98% used [0x0000000080000000,0x000000008a66fec0,0x000000008a980000)
 Metaspace       used 94637K, committed 95936K, reserved 1179648K
  class space    used 9202K, committed 9792K, reserved 1048576K
}
Event: 27513.456 GC heap after
{Heap after GC invocations=16481 (full 426):
 PSYoungGen      total 13312K, used 3291K [0x00000000d5580000, 0x00000000d6600000, 0x0000000100000000)
  eden space 9728K, 0% used [0x00000000d5580000,0x00000000d5580000,0x00000000d5f00000)
  from space 3584K, 91% used [0x00000000d5f00000,0x00000000d6236fe8,0x00000000d6280000)
  to   space 3584K, 0% used [0x00000000d6280000,0x00000000d6280000,0x00000000d6600000)
 ParOldGen       total 173568K, used 170681K [0x0000000080000000, 0x000000008a980000, 0x00000000d5580000)
  object space 173568K, 98% used [0x0000000080000000,0x000000008a6ae7c0,0x000000008a980000)
 Metaspace       used 94637K, committed 95936K, reserved 1179648K
  class space    used 9202K, committed 9792K, reserved 1048576K
}
Event: 27513.720 GC heap before
{Heap before GC invocations=16482 (full 426):
 PSYoungGen      total 13312K, used 13019K [0x00000000d5580000, 0x00000000d6600000, 0x0000000100000000)
  eden space 9728K, 100% used [0x00000000d5580000,0x00000000d5f00000,0x00000000d5f00000)
  from space 3584K, 91% used [0x00000000d5f00000,0x00000000d6236fe8,0x00000000d6280000)
  to   space 3584K, 0% used [0x00000000d6280000,0x00000000d6280000,0x00000000d6600000)
 ParOldGen       total 173568K, used 170681K [0x0000000080000000, 0x000000008a980000, 0x00000000d5580000)
  object space 173568K, 98% used [0x0000000080000000,0x000000008a6ae7c0,0x000000008a980000)
 Metaspace       used 94637K, committed 95936K, reserved 1179648K
  class space    used 9202K, committed 9792K, reserved 1048576K
}
Event: 27513.721 GC heap after
{Heap after GC invocations=16482 (full 426):
 PSYoungGen      total 12288K, used 2550K [0x00000000d5580000, 0x00000000d6500000, 0x0000000100000000)
  eden space 9728K, 0% used [0x00000000d5580000,0x00000000d5580000,0x00000000d5f00000)
  from space 2560K, 99% used [0x00000000d6280000,0x00000000d64fd8b0,0x00000000d6500000)
  to   space 3072K, 0% used [0x00000000d5f00000,0x00000000d5f00000,0x00000000d6200000)
 ParOldGen       total 173568K, used 170681K [0x0000000080000000, 0x000000008a980000, 0x00000000d5580000)
  object space 173568K, 98% used [0x0000000080000000,0x000000008a6ae7c0,0x000000008a980000)
 Metaspace       used 94637K, committed 95936K, reserved 1179648K
  class space    used 9202K, committed 9792K, reserved 1048576K
}
Event: 27513.733 GC heap before
{Heap before GC invocations=16483 (full 426):
 PSYoungGen      total 12288K, used 12278K [0x00000000d5580000, 0x00000000d6500000, 0x0000000100000000)
  eden space 9728K, 100% used [0x00000000d5580000,0x00000000d5f00000,0x00000000d5f00000)
  from space 2560K, 99% used [0x00000000d6280000,0x00000000d64fd8b0,0x00000000d6500000)
  to   space 3072K, 0% used [0x00000000d5f00000,0x00000000d5f00000,0x00000000d6200000)
 ParOldGen       total 173568K, used 170681K [0x0000000080000000, 0x000000008a980000, 0x00000000d5580000)
  object space 173568K, 98% used [0x0000000080000000,0x000000008a6ae7c0,0x000000008a980000)
 Metaspace       used 94637K, committed 95936K, reserved 1179648K
  class space    used 9202K, committed 9792K, reserved 1048576K
}
Event: 27513.734 GC heap after
{Heap after GC invocations=16483 (full 426):
 PSYoungGen      total 12800K, used 3054K [0x00000000d5580000, 0x00000000d6700000, 0x0000000100000000)
  eden space 9728K, 0% used [0x00000000d5580000,0x00000000d5580000,0x00000000d5f00000)
  from space 3072K, 99% used [0x00000000d5f00000,0x00000000d61fbb20,0x00000000d6200000)
  to   space 4096K, 0% used [0x00000000d6300000,0x00000000d6300000,0x00000000d6700000)
 ParOldGen       total 173568K, used 171312K [0x0000000080000000, 0x000000008a980000, 0x00000000d5580000)
  object space 173568K, 98% used [0x0000000080000000,0x000000008a74c290,0x000000008a980000)
 Metaspace       used 94637K, committed 95936K, reserved 1179648K
  class space    used 9202K, committed 9792K, reserved 1048576K
}
Event: 27514.183 GC heap before
{Heap before GC invocations=16484 (full 426):
 PSYoungGen      total 12800K, used 12782K [0x00000000d5580000, 0x00000000d6700000, 0x0000000100000000)
  eden space 9728K, 100% used [0x00000000d5580000,0x00000000d5f00000,0x00000000d5f00000)
  from space 3072K, 99% used [0x00000000d5f00000,0x00000000d61fbb20,0x00000000d6200000)
  to   space 4096K, 0% used [0x00000000d6300000,0x00000000d6300000,0x00000000d6700000)
 ParOldGen       total 173568K, used 171312K [0x0000000080000000, 0x000000008a980000, 0x00000000d5580000)
  object space 173568K, 98% used [0x0000000080000000,0x000000008a74c290,0x000000008a980000)
 Metaspace       used 94637K, committed 95936K, reserved 1179648K
  class space    used 9202K, committed 9792K, reserved 1048576K
}
Event: 27514.184 GC heap after
{Heap after GC invocations=16484 (full 426):
 PSYoungGen      total 12288K, used 2239K [0x00000000d5580000, 0x00000000d6580000, 0x0000000100000000)
  eden space 9728K, 0% used [0x00000000d5580000,0x00000000d5580000,0x00000000d5f00000)
  from space 2560K, 87% used [0x00000000d6300000,0x00000000d652fe80,0x00000000d6580000)
  to   space 3072K, 0% used [0x00000000d5f80000,0x00000000d5f80000,0x00000000d6280000)
 ParOldGen       total 173568K, used 173180K [0x0000000080000000, 0x000000008a980000, 0x00000000d5580000)
  object space 173568K, 99% used [0x0000000080000000,0x000000008a91f3a0,0x000000008a980000)
 Metaspace       used 94637K, committed 95936K, reserved 1179648K
  class space    used 9202K, committed 9792K, reserved 1048576K
}
Event: 27514.184 GC heap before
{Heap before GC invocations=16485 (full 427):
 PSYoungGen      total 12288K, used 2239K [0x00000000d5580000, 0x00000000d6580000, 0x0000000100000000)
  eden space 9728K, 0% used [0x00000000d5580000,0x00000000d5580000,0x00000000d5f00000)
  from space 2560K, 87% used [0x00000000d6300000,0x00000000d652fe80,0x00000000d6580000)
  to   space 3072K, 0% used [0x00000000d5f80000,0x00000000d5f80000,0x00000000d6280000)
 ParOldGen       total 173568K, used 173180K [0x0000000080000000, 0x000000008a980000, 0x00000000d5580000)
  object space 173568K, 99% used [0x0000000080000000,0x000000008a91f3a0,0x000000008a980000)
 Metaspace       used 94637K, committed 95936K, reserved 1179648K
  class space    used 9202K, committed 9792K, reserved 1048576K
}

