# JRE version: OpenJDK Runtime Environment Temurin-17.0.10+7 (17.0.10+7) (build 17.0.10+7)
# Java VM: OpenJDK 64-Bit Server VM Temurin-17.0.10+7 (17.0.10+7, mixed mode, tiered, compressed oops, compressed class ptrs, parallel gc, windows-amd64)
GC Precious Log:
 CPUs: 20 total, 20 available
 Memory: 32541M
 Large Page Support: Disabled
 NUMA Support: Disabled
 Compressed Oops: Enabled (32-bit)
 Alignments: Space 512K, Generation 512K, Heap 2M
 Heap Min Capacity: 100M
 Heap Initial Capacity: 100M
 Heap Max Capacity: 2G
 Pre-touch: Disabled
 Parallel Workers: 15
Heap:
 PSYoungGen      total 3072K, used 2547K [0x00000000d5580000, 0x00000000d6b00000, 0x0000000100000000)
  eden space 512K, 0% used [0x00000000d5580000,0x00000000d5580000,0x00000000d5600000)
  from space 2560K, 99% used [0x00000000d5d80000,0x00000000d5ffcda0,0x00000000d6000000)
  to   space 7680K, 0% used [0x00000000d5600000,0x00000000d5600000,0x00000000d5d80000)
 ParOldGen       total 340992K, used 339083K [0x0000000080000000, 0x0000000094d00000, 0x00000000d5580000)
  object space 340992K, 99% used [0x0000000080000000,0x0000000094b22cd8,0x0000000094d00000)
 Metaspace       used 91897K, committed 93120K, reserved 1179648K
  class space    used 9148K, committed 9664K, reserved 1048576K
GC Heap History (20 events):
Event: 2708.809 GC heap after
{Heap after GC invocations=4631 (full 101):
 PSYoungGen      total 5632K, used 1494K [0x00000000d5580000, 0x00000000d5e80000, 0x0000000100000000)
  eden space 4096K, 0% used [0x00000000d5580000,0x00000000d5580000,0x00000000d5980000)
  from space 1536K, 97% used [0x00000000d5980000,0x00000000d5af5ae0,0x00000000d5b00000)
  to   space 2048K, 0% used [0x00000000d5c80000,0x00000000d5c80000,0x00000000d5e80000)
 ParOldGen       total 340992K, used 329557K [0x0000000080000000, 0x0000000094d00000, 0x00000000d5580000)
  object space 340992K, 96% used [0x0000000080000000,0x00000000941d5610,0x0000000094d00000)
 Metaspace       used 91897K, committed 93120K, reserved 1179648K
  class space    used 9148K, committed 9664K, reserved 1048576K
}
Event: 2708.815 GC heap before
{Heap before GC invocations=4632 (full 101):
 PSYoungGen      total 5632K, used 5590K [0x00000000d5580000, 0x00000000d5e80000, 0x0000000100000000)
  eden space 4096K, 100% used [0x00000000d5580000,0x00000000d5980000,0x00000000d5980000)
  from space 1536K, 97% used [0x00000000d5980000,0x00000000d5af5ae0,0x00000000d5b00000)
  to   space 2048K, 0% used [0x00000000d5c80000,0x00000000d5c80000,0x00000000d5e80000)
 ParOldGen       total 340992K, used 329557K [0x0000000080000000, 0x0000000094d00000, 0x00000000d5580000)
  object space 340992K, 96% used [0x0000000080000000,0x00000000941d5610,0x0000000094d00000)
 Metaspace       used 91897K, committed 93120K, reserved 1179648K
  class space    used 9148K, committed 9664K, reserved 1048576K
}
Event: 2708.821 GC heap after
{Heap after GC invocations=4632 (full 101):
 PSYoungGen      total 6144K, used 672K [0x00000000d5580000, 0x00000000d5d80000, 0x0000000100000000)
  eden space 5120K, 0% used [0x00000000d5580000,0x00000000d5580000,0x00000000d5a80000)
  from space 1024K, 65% used [0x00000000d5c80000,0x00000000d5d28000,0x00000000d5d80000)
  to   space 1536K, 0% used [0x00000000d5a80000,0x00000000d5a80000,0x00000000d5c00000)
 ParOldGen       total 340992K, used 330906K [0x0000000080000000, 0x0000000094d00000, 0x00000000d5580000)
  object space 340992K, 97% used [0x0000000080000000,0x0000000094326bd0,0x0000000094d00000)
 Metaspace       used 91897K, committed 93120K, reserved 1179648K
  class space    used 9148K, committed 9664K, reserved 1048576K
}
Event: 2708.830 GC heap before
{Heap before GC invocations=4633 (full 101):
 PSYoungGen      total 6144K, used 5792K [0x00000000d5580000, 0x00000000d5d80000, 0x0000000100000000)
  eden space 5120K, 100% used [0x00000000d5580000,0x00000000d5a80000,0x00000000d5a80000)
  from space 1024K, 65% used [0x00000000d5c80000,0x00000000d5d28000,0x00000000d5d80000)
  to   space 1536K, 0% used [0x00000000d5a80000,0x00000000d5a80000,0x00000000d5c00000)
 ParOldGen       total 340992K, used 330906K [0x0000000080000000, 0x0000000094d00000, 0x00000000d5580000)
  object space 340992K, 97% used [0x0000000080000000,0x0000000094326bd0,0x0000000094d00000)
 Metaspace       used 91897K, committed 93120K, reserved 1179648K
  class space    used 9148K, committed 9664K, reserved 1048576K
}
Event: 2708.830 GC heap after
{Heap after GC invocations=4633 (full 101):
 PSYoungGen      total 6656K, used 960K [0x00000000d5580000, 0x00000000d5d80000, 0x0000000100000000)
  eden space 5120K, 0% used [0x00000000d5580000,0x00000000d5580000,0x00000000d5a80000)
  from space 1536K, 62% used [0x00000000d5a80000,0x00000000d5b70000,0x00000000d5c00000)
  to   space 1024K, 0% used [0x00000000d5c80000,0x00000000d5c80000,0x00000000d5d80000)
 ParOldGen       total 340992K, used 331386K [0x0000000080000000, 0x0000000094d00000, 0x00000000d5580000)
  object space 340992K, 97% used [0x0000000080000000,0x000000009439ebf0,0x0000000094d00000)
 Metaspace       used 91897K, committed 93120K, reserved 1179648K
  class space    used 9148K, committed 9664K, reserved 1048576K
}
Event: 2708.850 GC heap before
{Heap before GC invocations=4634 (full 101):
 PSYoungGen      total 6656K, used 6080K [0x00000000d5580000, 0x00000000d5d80000, 0x0000000100000000)
  eden space 5120K, 100% used [0x00000000d5580000,0x00000000d5a80000,0x00000000d5a80000)
  from space 1536K, 62% used [0x00000000d5a80000,0x00000000d5b70000,0x00000000d5c00000)
  to   space 1024K, 0% used [0x00000000d5c80000,0x00000000d5c80000,0x00000000d5d80000)
 ParOldGen       total 340992K, used 331386K [0x0000000080000000, 0x0000000094d00000, 0x00000000d5580000)
  object space 340992K, 97% used [0x0000000080000000,0x000000009439ebf0,0x0000000094d00000)
 Metaspace       used 91897K, committed 93120K, reserved 1179648K
  class space    used 9148K, committed 9664K, reserved 1048576K
}
Event: 2708.851 GC heap after
{Heap after GC invocations=4634 (full 101):
 PSYoungGen      total 5632K, used 1008K [0x00000000d5580000, 0x00000000d6000000, 0x0000000100000000)
  eden space 4608K, 0% used [0x00000000d5580000,0x00000000d5580000,0x00000000d5a00000)
  from space 1024K, 98% used [0x00000000d5c80000,0x00000000d5d7c3e0,0x00000000d5d80000)
  to   space 2560K, 0% used [0x00000000d5a00000,0x00000000d5a00000,0x00000000d5c80000)
 ParOldGen       total 340992K, used 332475K [0x0000000080000000, 0x0000000094d00000, 0x00000000d5580000)
  object space 340992K, 97% used [0x0000000080000000,0x00000000944aec10,0x0000000094d00000)
 Metaspace       used 91897K, committed 93120K, reserved 1179648K
  class space    used 9148K, committed 9664K, reserved 1048576K
}
Event: 2708.857 GC heap before
{Heap before GC invocations=4635 (full 101):
 PSYoungGen      total 5632K, used 5616K [0x00000000d5580000, 0x00000000d6000000, 0x0000000100000000)
  eden space 4608K, 100% used [0x00000000d5580000,0x00000000d5a00000,0x00000000d5a00000)
  from space 1024K, 98% used [0x00000000d5c80000,0x00000000d5d7c3e0,0x00000000d5d80000)
  to   space 2560K, 0% used [0x00000000d5a00000,0x00000000d5a00000,0x00000000d5c80000)
 ParOldGen       total 340992K, used 332475K [0x0000000080000000, 0x0000000094d00000, 0x00000000d5580000)
  object space 340992K, 97% used [0x0000000080000000,0x00000000944aec10,0x0000000094d00000)
 Metaspace       used 91897K, committed 93120K, reserved 1179648K
  class space    used 9148K, committed 9664K, reserved 1048576K
}
Event: 2708.858 GC heap after
{Heap after GC invocations=4635 (full 101):
 PSYoungGen      total 5632K, used 736K [0x00000000d5580000, 0x00000000d5d80000, 0x0000000100000000)
  eden space 4608K, 0% used [0x00000000d5580000,0x00000000d5580000,0x00000000d5a00000)
  from space 1024K, 71% used [0x00000000d5a00000,0x00000000d5ab8000,0x00000000d5b00000)
  to   space 1536K, 0% used [0x00000000d5c00000,0x00000000d5c00000,0x00000000d5d80000)
 ParOldGen       total 340992K, used 333507K [0x0000000080000000, 0x0000000094d00000, 0x00000000d5580000)
  object space 340992K, 97% used [0x0000000080000000,0x00000000945b0d38,0x0000000094d00000)
 Metaspace       used 91897K, committed 93120K, reserved 1179648K
  class space    used 9148K, committed 9664K, reserved 1048576K
}
Event: 2708.865 GC heap before
{Heap before GC invocations=4636 (full 101):
 PSYoungGen      total 5632K, used 5344K [0x00000000d5580000, 0x00000000d5d80000, 0x0000000100000000)
  eden space 4608K, 100% used [0x00000000d5580000,0x00000000d5a00000,0x00000000d5a00000)
  from space 1024K, 71% used [0x00000000d5a00000,0x00000000d5ab8000,0x00000000d5b00000)
  to   space 1536K, 0% used [0x00000000d5c00000,0x00000000d5c00000,0x00000000d5d80000)
 ParOldGen       total 340992K, used 333507K [0x0000000080000000, 0x0000000094d00000, 0x00000000d5580000)
  object space 340992K, 97% used [0x0000000080000000,0x00000000945b0d38,0x0000000094d00000)
 Metaspace       used 91897K, committed 93120K, reserved 1179648K
  class space    used 9148K, committed 9664K, reserved 1048576K
}
Event: 2708.865 GC heap after
{Heap after GC invocations=4636 (full 101):
 PSYoungGen      total 6144K, used 1408K [0x00000000d5580000, 0x00000000d5e80000, 0x0000000100000000)
  eden space 4608K, 0% used [0x00000000d5580000,0x00000000d5580000,0x00000000d5a00000)
  from space 1536K, 91% used [0x00000000d5c00000,0x00000000d5d60000,0x00000000d5d80000)
  to   space 2048K, 0% used [0x00000000d5a00000,0x00000000d5a00000,0x00000000d5c00000)
 ParOldGen       total 340992K, used 333507K [0x0000000080000000, 0x0000000094d00000, 0x00000000d5580000)
  object space 340992K, 97% used [0x0000000080000000,0x00000000945b0d38,0x0000000094d00000)
 Metaspace       used 91897K, committed 93120K, reserved 1179648K
  class space    used 9148K, committed 9664K, reserved 1048576K
}
Event: 2709.540 GC heap before
{Heap before GC invocations=4637 (full 101):
 PSYoungGen      total 6144K, used 6016K [0x00000000d5580000, 0x00000000d5e80000, 0x0000000100000000)
  eden space 4608K, 100% used [0x00000000d5580000,0x00000000d5a00000,0x00000000d5a00000)
  from space 1536K, 91% used [0x00000000d5c00000,0x00000000d5d60000,0x00000000d5d80000)
  to   space 2048K, 0% used [0x00000000d5a00000,0x00000000d5a00000,0x00000000d5c00000)
 ParOldGen       total 340992K, used 333507K [0x0000000080000000, 0x0000000094d00000, 0x00000000d5580000)
  object space 340992K, 97% used [0x0000000080000000,0x00000000945b0d38,0x0000000094d00000)
 Metaspace       used 91897K, committed 93120K, reserved 1179648K
  class space    used 9148K, committed 9664K, reserved 1048576K
}
Event: 2709.541 GC heap after
{Heap after GC invocations=4637 (full 101):
 PSYoungGen      total 6656K, used 2040K [0x00000000d5580000, 0x00000000d6080000, 0x0000000100000000)
  eden space 4608K, 0% used [0x00000000d5580000,0x00000000d5580000,0x00000000d5a00000)
  from space 2048K, 99% used [0x00000000d5a00000,0x00000000d5bfe200,0x00000000d5c00000)
  to   space 3072K, 0% used [0x00000000d5d80000,0x00000000d5d80000,0x00000000d6080000)
 ParOldGen       total 340992K, used 333891K [0x0000000080000000, 0x0000000094d00000, 0x00000000d5580000)
  object space 340992K, 97% used [0x0000000080000000,0x0000000094610d58,0x0000000094d00000)
 Metaspace       used 91897K, committed 93120K, reserved 1179648K
  class space    used 9148K, committed 9664K, reserved 1048576K
}
Event: 2709.547 GC heap before
{Heap before GC invocations=4638 (full 101):
 PSYoungGen      total 6656K, used 6648K [0x00000000d5580000, 0x00000000d6080000, 0x0000000100000000)
  eden space 4608K, 100% used [0x00000000d5580000,0x00000000d5a00000,0x00000000d5a00000)
  from space 2048K, 99% used [0x00000000d5a00000,0x00000000d5bfe200,0x00000000d5c00000)
  to   space 3072K, 0% used [0x00000000d5d80000,0x00000000d5d80000,0x00000000d6080000)
 ParOldGen       total 340992K, used 333891K [0x0000000080000000, 0x0000000094d00000, 0x00000000d5580000)
  object space 340992K, 97% used [0x0000000080000000,0x0000000094610d58,0x0000000094d00000)
 Metaspace       used 91897K, committed 93120K, reserved 1179648K
  class space    used 9148K, committed 9664K, reserved 1048576K
}
Event: 2709.548 GC heap after
{Heap after GC invocations=4638 (full 101):
 PSYoungGen      total 7168K, used 1586K [0x00000000d5580000, 0x00000000d5f80000, 0x0000000100000000)
  eden space 5120K, 0% used [0x00000000d5580000,0x00000000d5580000,0x00000000d5a80000)
  from space 2048K, 77% used [0x00000000d5d80000,0x00000000d5f0cb00,0x00000000d5f80000)
  to   space 2048K, 0% used [0x00000000d5b80000,0x00000000d5b80000,0x00000000d5d80000)
 ParOldGen       total 340992K, used 335027K [0x0000000080000000, 0x0000000094d00000, 0x00000000d5580000)
  object space 340992K, 98% used [0x0000000080000000,0x000000009472cd78,0x0000000094d00000)
 Metaspace       used 91897K, committed 93120K, reserved 1179648K
  class space    used 9148K, committed 9664K, reserved 1048576K
}
Event: 2709.554 GC heap before
{Heap before GC invocations=4639 (full 101):
 PSYoungGen      total 7168K, used 6706K [0x00000000d5580000, 0x00000000d5f80000, 0x0000000100000000)
  eden space 5120K, 100% used [0x00000000d5580000,0x00000000d5a80000,0x00000000d5a80000)
  from space 2048K, 77% used [0x00000000d5d80000,0x00000000d5f0cb00,0x00000000d5f80000)
  to   space 2048K, 0% used [0x00000000d5b80000,0x00000000d5b80000,0x00000000d5d80000)
 ParOldGen       total 340992K, used 335027K [0x0000000080000000, 0x0000000094d00000, 0x00000000d5580000)
  object space 340992K, 98% used [0x0000000080000000,0x000000009472cd78,0x0000000094d00000)
 Metaspace       used 91897K, committed 93120K, reserved 1179648K
  class space    used 9148K, committed 9664K, reserved 1048576K
}
Event: 2709.555 GC heap after
{Heap after GC invocations=4639 (full 101):
 PSYoungGen      total 7680K, used 2029K [0x00000000d5580000, 0x00000000d6000000, 0x0000000100000000)
  eden space 5632K, 0% used [0x00000000d5580000,0x00000000d5580000,0x00000000d5b00000)
  from space 2048K, 99% used [0x00000000d5b80000,0x00000000d5d7b400,0x00000000d5d80000)
  to   space 2560K, 0% used [0x00000000d5d80000,0x00000000d5d80000,0x00000000d6000000)
 ParOldGen       total 340992K, used 335167K [0x0000000080000000, 0x0000000094d00000, 0x00000000d5580000)
  object space 340992K, 98% used [0x0000000080000000,0x000000009474ff38,0x0000000094d00000)
 Metaspace       used 91897K, committed 93120K, reserved 1179648K
  class space    used 9148K, committed 9664K, reserved 1048576K
}
Event: 2709.562 GC heap before
{Heap before GC invocations=4640 (full 101):
 PSYoungGen      total 7680K, used 7661K [0x00000000d5580000, 0x00000000d6000000, 0x0000000100000000)
  eden space 5632K, 100% used [0x00000000d5580000,0x00000000d5b00000,0x00000000d5b00000)
  from space 2048K, 99% used [0x00000000d5b80000,0x00000000d5d7b400,0x00000000d5d80000)
  to   space 2560K, 0% used [0x00000000d5d80000,0x00000000d5d80000,0x00000000d6000000)
 ParOldGen       total 340992K, used 335167K [0x0000000080000000, 0x0000000094d00000, 0x00000000d5580000)
  object space 340992K, 98% used [0x0000000080000000,0x000000009474ff38,0x0000000094d00000)
 Metaspace       used 91897K, committed 93120K, reserved 1179648K
  class space    used 9148K, committed 9664K, reserved 1048576K
}
Event: 2709.563 GC heap after
{Heap after GC invocations=4640 (full 101):
 PSYoungGen      total 3072K, used 2547K [0x00000000d5580000, 0x00000000d6b00000, 0x0000000100000000)
  eden space 512K, 0% used [0x00000000d5580000,0x00000000d5580000,0x00000000d5600000)
  from space 2560K, 99% used [0x00000000d5d80000,0x00000000d5ffcda0,0x00000000d6000000)
  to   space 7680K, 0% used [0x00000000d5600000,0x00000000d5600000,0x00000000d5d80000)
 ParOldGen       total 340992K, used 339083K [0x0000000080000000, 0x0000000094d00000, 0x00000000d5580000)
  object space 340992K, 99% used [0x0000000080000000,0x0000000094b22cd8,0x0000000094d00000)
 Metaspace       used 91897K, committed 93120K, reserved 1179648K
  class space    used 9148K, committed 9664K, reserved 1048576K
}
Event: 2709.563 GC heap before
{Heap before GC invocations=4641 (full 102):
 PSYoungGen      total 3072K, used 2547K [0x00000000d5580000, 0x00000000d6b00000, 0x0000000100000000)
  eden space 512K, 0% used [0x00000000d5580000,0x00000000d5580000,0x00000000d5600000)
  from space 2560K, 99% used [0x00000000d5d80000,0x00000000d5ffcda0,0x00000000d6000000)
  to   space 7680K, 0% used [0x00000000d5600000,0x00000000d5600000,0x00000000d5d80000)
 ParOldGen       total 340992K, used 339083K [0x0000000080000000, 0x0000000094d00000, 0x00000000d5580000)
  object space 340992K, 99% used [0x0000000080000000,0x0000000094b22cd8,0x0000000094d00000)
 Metaspace       used 91897K, committed 93120K, reserved 1179648K
  class space    used 9148K, committed 9664K, reserved 1048576K
}

